2019-10-16 19:29:23 Notice: Deprecated (16384): You no longer need to call `Plugin::routes()` after upgrading to use Http\Server. See https://book.cakephp.org/3.0/en/development/application.html#adding-the-new-http-stack-to-an-existing-application for upgrade information. - C:\Ampps\www\Tp1\config\routes.php, line: 78
 You can disable deprecation warnings by setting `Error.errorLevel` to `E_ALL & ~E_USER_DEPRECATED` in your config/app.php. in [C:\Ampps\www\Tp1\vendor\cakephp\cakephp\src\Core\functions.php, line 311]
Trace:
Cake\Error\BaseErrorHandler::handleError() - CORE\src\Error\BaseErrorHandler.php, line 158
deprecationWarning - CORE\src\Core\functions.php, line 311
Cake\Core\Plugin::routes() - CORE\src\Core\Plugin.php, line 319
Cake\Http\BaseApplication::{closure}() - ROOT\config\routes.php, line 78
Cake\Routing\RouteBuilder::scope() - CORE\src\Routing\RouteBuilder.php, line 1008
Cake\Routing\Router::scope() - CORE\src\Routing\Router.php, line 1099
require - ROOT\config\routes.php, line 119
Cake\Http\BaseApplication::routes() - CORE\src\Http\BaseApplication.php, line 178
Cake\Routing\Middleware\RoutingMiddleware::prepareRouteCollection() - CORE\src\Routing\Middleware\RoutingMiddleware.php, line 115
Cake\Routing\Middleware\RoutingMiddleware::buildRouteCollection() - CORE\src\Routing\Middleware\RoutingMiddleware.php, line 104
Cake\Routing\Middleware\RoutingMiddleware::loadRoutes() - CORE\src\Routing\Middleware\RoutingMiddleware.php, line 87
Cake\Routing\Middleware\RoutingMiddleware::__invoke() - CORE\src\Routing\Middleware\RoutingMiddleware.php, line 136
Cake\Http\Runner::__invoke() - CORE\src\Http\Runner.php, line 65
Cake\Routing\Middleware\AssetMiddleware::__invoke() - CORE\src\Routing\Middleware\AssetMiddleware.php, line 88
Cake\Http\Runner::__invoke() - CORE\src\Http\Runner.php, line 65
Cake\Error\Middleware\ErrorHandlerMiddleware::__invoke() - CORE\src\Error\Middleware\ErrorHandlerMiddleware.php, line 96
Cake\Http\Runner::__invoke() - CORE\src\Http\Runner.php, line 65
Cake\Http\Runner::run() - CORE\src\Http\Runner.php, line 51
Cake\Http\Server::run() - CORE\src\Http\Server.php, line 97
[main] - ROOT\webroot\index.php, line 40



2019-10-16 19:38:34 Notice: Deprecated (16384): You no longer need to call `Plugin::routes()` after upgrading to use Http\Server. See https://book.cakephp.org/3.0/en/development/application.html#adding-the-new-http-stack-to-an-existing-application for upgrade information. - C:\Ampps\www\Tp1\config\routes.php, line: 78
 You can disable deprecation warnings by setting `Error.errorLevel` to `E_ALL & ~E_USER_DEPRECATED` in your config/app.php. in [C:\Ampps\www\Tp1\vendor\cakephp\cakephp\src\Core\functions.php, line 311]
Trace:
Cake\Error\BaseErrorHandler::handleError() - CORE\src\Error\BaseErrorHandler.php, line 158
deprecationWarning - CORE\src\Core\functions.php, line 311
Cake\Core\Plugin::routes() - CORE\src\Core\Plugin.php, line 319
Cake\Http\BaseApplication::{closure}() - ROOT\config\routes.php, line 78
Cake\Routing\RouteBuilder::scope() - CORE\src\Routing\RouteBuilder.php, line 1008
Cake\Routing\Router::scope() - CORE\src\Routing\Router.php, line 1099
require - ROOT\config\routes.php, line 121
Cake\Http\BaseApplication::routes() - CORE\src\Http\BaseApplication.php, line 178
Cake\Routing\Middleware\RoutingMiddleware::prepareRouteCollection() - CORE\src\Routing\Middleware\RoutingMiddleware.php, line 115
Cake\Routing\Middleware\RoutingMiddleware::buildRouteCollection() - CORE\src\Routing\Middleware\RoutingMiddleware.php, line 104
Cake\Routing\Middleware\RoutingMiddleware::loadRoutes() - CORE\src\Routing\Middleware\RoutingMiddleware.php, line 87
Cake\Routing\Middleware\RoutingMiddleware::__invoke() - CORE\src\Routing\Middleware\RoutingMiddleware.php, line 136
Cake\Http\Runner::__invoke() - CORE\src\Http\Runner.php, line 65
Cake\Routing\Middleware\AssetMiddleware::__invoke() - CORE\src\Routing\Middleware\AssetMiddleware.php, line 88
Cake\Http\Runner::__invoke() - CORE\src\Http\Runner.php, line 65
Cake\Error\Middleware\ErrorHandlerMiddleware::__invoke() - CORE\src\Error\Middleware\ErrorHandlerMiddleware.php, line 96
Cake\Http\Runner::__invoke() - CORE\src\Http\Runner.php, line 65
Cake\Http\Runner::run() - CORE\src\Http\Runner.php, line 51
Cake\Http\Server::run() - CORE\src\Http\Server.php, line 97
[main] - ROOT\webroot\index.php, line 40



2019-10-16 19:38:36 Notice: Deprecated (16384): You no longer need to call `Plugin::routes()` after upgrading to use Http\Server. See https://book.cakephp.org/3.0/en/development/application.html#adding-the-new-http-stack-to-an-existing-application for upgrade information. - C:\Ampps\www\Tp1\config\routes.php, line: 78
 You can disable deprecation warnings by setting `Error.errorLevel` to `E_ALL & ~E_USER_DEPRECATED` in your config/app.php. in [C:\Ampps\www\Tp1\vendor\cakephp\cakephp\src\Core\functions.php, line 311]
Trace:
Cake\Error\BaseErrorHandler::handleError() - CORE\src\Error\BaseErrorHandler.php, line 158
deprecationWarning - CORE\src\Core\functions.php, line 311
Cake\Core\Plugin::routes() - CORE\src\Core\Plugin.php, line 319
Cake\Http\BaseApplication::{closure}() - ROOT\config\routes.php, line 78
Cake\Routing\RouteBuilder::scope() - CORE\src\Routing\RouteBuilder.php, line 1008
Cake\Routing\Router::scope() - CORE\src\Routing\Router.php, line 1099
require - ROOT\config\routes.php, line 121
Cake\Http\BaseApplication::routes() - CORE\src\Http\BaseApplication.php, line 178
Cake\Routing\Middleware\RoutingMiddleware::prepareRouteCollection() - CORE\src\Routing\Middleware\RoutingMiddleware.php, line 115
Cake\Routing\Middleware\RoutingMiddleware::buildRouteCollection() - CORE\src\Routing\Middleware\RoutingMiddleware.php, line 104
Cake\Routing\Middleware\RoutingMiddleware::loadRoutes() - CORE\src\Routing\Middleware\RoutingMiddleware.php, line 87
Cake\Routing\Middleware\RoutingMiddleware::__invoke() - CORE\src\Routing\Middleware\RoutingMiddleware.php, line 136
Cake\Http\Runner::__invoke() - CORE\src\Http\Runner.php, line 65
Cake\Routing\Middleware\AssetMiddleware::__invoke() - CORE\src\Routing\Middleware\AssetMiddleware.php, line 88
Cake\Http\Runner::__invoke() - CORE\src\Http\Runner.php, line 65
Cake\Error\Middleware\ErrorHandlerMiddleware::__invoke() - CORE\src\Error\Middleware\ErrorHandlerMiddleware.php, line 96
Cake\Http\Runner::__invoke() - CORE\src\Http\Runner.php, line 65
Cake\Http\Runner::run() - CORE\src\Http\Runner.php, line 51
Cake\Http\Server::run() - CORE\src\Http\Server.php, line 97
[main] - ROOT\webroot\index.php, line 40



2019-10-16 19:38:38 Notice: Deprecated (16384): You no longer need to call `Plugin::routes()` after upgrading to use Http\Server. See https://book.cakephp.org/3.0/en/development/application.html#adding-the-new-http-stack-to-an-existing-application for upgrade information. - C:\Ampps\www\Tp1\config\routes.php, line: 78
 You can disable deprecation warnings by setting `Error.errorLevel` to `E_ALL & ~E_USER_DEPRECATED` in your config/app.php. in [C:\Ampps\www\Tp1\vendor\cakephp\cakephp\src\Core\functions.php, line 311]
Trace:
Cake\Error\BaseErrorHandler::handleError() - CORE\src\Error\BaseErrorHandler.php, line 158
deprecationWarning - CORE\src\Core\functions.php, line 311
Cake\Core\Plugin::routes() - CORE\src\Core\Plugin.php, line 319
Cake\Http\BaseApplication::{closure}() - ROOT\config\routes.php, line 78
Cake\Routing\RouteBuilder::scope() - CORE\src\Routing\RouteBuilder.php, line 1008
Cake\Routing\Router::scope() - CORE\src\Routing\Router.php, line 1099
require - ROOT\config\routes.php, line 121
Cake\Http\BaseApplication::routes() - CORE\src\Http\BaseApplication.php, line 178
Cake\Routing\Middleware\RoutingMiddleware::prepareRouteCollection() - CORE\src\Routing\Middleware\RoutingMiddleware.php, line 115
Cake\Routing\Middleware\RoutingMiddleware::buildRouteCollection() - CORE\src\Routing\Middleware\RoutingMiddleware.php, line 104
Cake\Routing\Middleware\RoutingMiddleware::loadRoutes() - CORE\src\Routing\Middleware\RoutingMiddleware.php, line 87
Cake\Routing\Middleware\RoutingMiddleware::__invoke() - CORE\src\Routing\Middleware\RoutingMiddleware.php, line 136
Cake\Http\Runner::__invoke() - CORE\src\Http\Runner.php, line 65
Cake\Routing\Middleware\AssetMiddleware::__invoke() - CORE\src\Routing\Middleware\AssetMiddleware.php, line 88
Cake\Http\Runner::__invoke() - CORE\src\Http\Runner.php, line 65
Cake\Error\Middleware\ErrorHandlerMiddleware::__invoke() - CORE\src\Error\Middleware\ErrorHandlerMiddleware.php, line 96
Cake\Http\Runner::__invoke() - CORE\src\Http\Runner.php, line 65
Cake\Http\Runner::run() - CORE\src\Http\Runner.php, line 51
Cake\Http\Server::run() - CORE\src\Http\Server.php, line 97
[main] - ROOT\webroot\index.php, line 40



2019-10-16 19:39:07 Notice: Deprecated (16384): You no longer need to call `Plugin::routes()` after upgrading to use Http\Server. See https://book.cakephp.org/3.0/en/development/application.html#adding-the-new-http-stack-to-an-existing-application for upgrade information. - C:\Ampps\www\Tp1\config\routes.php, line: 78
 You can disable deprecation warnings by setting `Error.errorLevel` to `E_ALL & ~E_USER_DEPRECATED` in your config/app.php. in [C:\Ampps\www\Tp1\vendor\cakephp\cakephp\src\Core\functions.php, line 311]
Trace:
Cake\Error\BaseErrorHandler::handleError() - CORE\src\Error\BaseErrorHandler.php, line 158
deprecationWarning - CORE\src\Core\functions.php, line 311
Cake\Core\Plugin::routes() - CORE\src\Core\Plugin.php, line 319
Cake\Http\BaseApplication::{closure}() - ROOT\config\routes.php, line 78
Cake\Routing\RouteBuilder::scope() - CORE\src\Routing\RouteBuilder.php, line 1008
Cake\Routing\Router::scope() - CORE\src\Routing\Router.php, line 1099
require - ROOT\config\routes.php, line 121
Cake\Http\BaseApplication::routes() - CORE\src\Http\BaseApplication.php, line 178
Cake\Routing\Middleware\RoutingMiddleware::prepareRouteCollection() - CORE\src\Routing\Middleware\RoutingMiddleware.php, line 115
Cake\Routing\Middleware\RoutingMiddleware::buildRouteCollection() - CORE\src\Routing\Middleware\RoutingMiddleware.php, line 104
Cake\Routing\Middleware\RoutingMiddleware::loadRoutes() - CORE\src\Routing\Middleware\RoutingMiddleware.php, line 87
Cake\Routing\Middleware\RoutingMiddleware::__invoke() - CORE\src\Routing\Middleware\RoutingMiddleware.php, line 136
Cake\Http\Runner::__invoke() - CORE\src\Http\Runner.php, line 65
Cake\Routing\Middleware\AssetMiddleware::__invoke() - CORE\src\Routing\Middleware\AssetMiddleware.php, line 88
Cake\Http\Runner::__invoke() - CORE\src\Http\Runner.php, line 65
Cake\Error\Middleware\ErrorHandlerMiddleware::__invoke() - CORE\src\Error\Middleware\ErrorHandlerMiddleware.php, line 96
Cake\Http\Runner::__invoke() - CORE\src\Http\Runner.php, line 65
Cake\Http\Runner::run() - CORE\src\Http\Runner.php, line 51
Cake\Http\Server::run() - CORE\src\Http\Server.php, line 97
[main] - ROOT\webroot\index.php, line 40



2019-10-16 19:39:10 Notice: Deprecated (16384): You no longer need to call `Plugin::routes()` after upgrading to use Http\Server. See https://book.cakephp.org/3.0/en/development/application.html#adding-the-new-http-stack-to-an-existing-application for upgrade information. - C:\Ampps\www\Tp1\config\routes.php, line: 78
 You can disable deprecation warnings by setting `Error.errorLevel` to `E_ALL & ~E_USER_DEPRECATED` in your config/app.php. in [C:\Ampps\www\Tp1\vendor\cakephp\cakephp\src\Core\functions.php, line 311]
Trace:
Cake\Error\BaseErrorHandler::handleError() - CORE\src\Error\BaseErrorHandler.php, line 158
deprecationWarning - CORE\src\Core\functions.php, line 311
Cake\Core\Plugin::routes() - CORE\src\Core\Plugin.php, line 319
Cake\Http\BaseApplication::{closure}() - ROOT\config\routes.php, line 78
Cake\Routing\RouteBuilder::scope() - CORE\src\Routing\RouteBuilder.php, line 1008
Cake\Routing\Router::scope() - CORE\src\Routing\Router.php, line 1099
require - ROOT\config\routes.php, line 121
Cake\Http\BaseApplication::routes() - CORE\src\Http\BaseApplication.php, line 178
Cake\Routing\Middleware\RoutingMiddleware::prepareRouteCollection() - CORE\src\Routing\Middleware\RoutingMiddleware.php, line 115
Cake\Routing\Middleware\RoutingMiddleware::buildRouteCollection() - CORE\src\Routing\Middleware\RoutingMiddleware.php, line 104
Cake\Routing\Middleware\RoutingMiddleware::loadRoutes() - CORE\src\Routing\Middleware\RoutingMiddleware.php, line 87
Cake\Routing\Middleware\RoutingMiddleware::__invoke() - CORE\src\Routing\Middleware\RoutingMiddleware.php, line 136
Cake\Http\Runner::__invoke() - CORE\src\Http\Runner.php, line 65
Cake\Routing\Middleware\AssetMiddleware::__invoke() - CORE\src\Routing\Middleware\AssetMiddleware.php, line 88
Cake\Http\Runner::__invoke() - CORE\src\Http\Runner.php, line 65
Cake\Error\Middleware\ErrorHandlerMiddleware::__invoke() - CORE\src\Error\Middleware\ErrorHandlerMiddleware.php, line 96
Cake\Http\Runner::__invoke() - CORE\src\Http\Runner.php, line 65
Cake\Http\Runner::run() - CORE\src\Http\Runner.php, line 51
Cake\Http\Server::run() - CORE\src\Http\Server.php, line 97
[main] - ROOT\webroot\index.php, line 40



2019-10-16 19:40:29 Notice: Deprecated (16384): You no longer need to call `Plugin::routes()` after upgrading to use Http\Server. See https://book.cakephp.org/3.0/en/development/application.html#adding-the-new-http-stack-to-an-existing-application for upgrade information. - C:\Ampps\www\Tp1\config\routes.php, line: 78
 You can disable deprecation warnings by setting `Error.errorLevel` to `E_ALL & ~E_USER_DEPRECATED` in your config/app.php. in [C:\Ampps\www\Tp1\vendor\cakephp\cakephp\src\Core\functions.php, line 311]
Trace:
Cake\Error\BaseErrorHandler::handleError() - CORE\src\Error\BaseErrorHandler.php, line 158
deprecationWarning - CORE\src\Core\functions.php, line 311
Cake\Core\Plugin::routes() - CORE\src\Core\Plugin.php, line 319
Cake\Http\BaseApplication::{closure}() - ROOT\config\routes.php, line 78
Cake\Routing\RouteBuilder::scope() - CORE\src\Routing\RouteBuilder.php, line 1008
Cake\Routing\Router::scope() - CORE\src\Routing\Router.php, line 1099
require - ROOT\config\routes.php, line 121
Cake\Http\BaseApplication::routes() - CORE\src\Http\BaseApplication.php, line 178
Cake\Routing\Middleware\RoutingMiddleware::prepareRouteCollection() - CORE\src\Routing\Middleware\RoutingMiddleware.php, line 115
Cake\Routing\Middleware\RoutingMiddleware::buildRouteCollection() - CORE\src\Routing\Middleware\RoutingMiddleware.php, line 104
Cake\Routing\Middleware\RoutingMiddleware::loadRoutes() - CORE\src\Routing\Middleware\RoutingMiddleware.php, line 87
Cake\Routing\Middleware\RoutingMiddleware::__invoke() - CORE\src\Routing\Middleware\RoutingMiddleware.php, line 136
Cake\Http\Runner::__invoke() - CORE\src\Http\Runner.php, line 65
Cake\Routing\Middleware\AssetMiddleware::__invoke() - CORE\src\Routing\Middleware\AssetMiddleware.php, line 88
Cake\Http\Runner::__invoke() - CORE\src\Http\Runner.php, line 65
Cake\Error\Middleware\ErrorHandlerMiddleware::__invoke() - CORE\src\Error\Middleware\ErrorHandlerMiddleware.php, line 96
Cake\Http\Runner::__invoke() - CORE\src\Http\Runner.php, line 65
Cake\Http\Runner::run() - CORE\src\Http\Runner.php, line 51
Cake\Http\Server::run() - CORE\src\Http\Server.php, line 97
[main] - ROOT\webroot\index.php, line 40



2019-10-16 19:40:30 Notice: Deprecated (16384): You no longer need to call `Plugin::routes()` after upgrading to use Http\Server. See https://book.cakephp.org/3.0/en/development/application.html#adding-the-new-http-stack-to-an-existing-application for upgrade information. - C:\Ampps\www\Tp1\config\routes.php, line: 78
 You can disable deprecation warnings by setting `Error.errorLevel` to `E_ALL & ~E_USER_DEPRECATED` in your config/app.php. in [C:\Ampps\www\Tp1\vendor\cakephp\cakephp\src\Core\functions.php, line 311]
Trace:
Cake\Error\BaseErrorHandler::handleError() - CORE\src\Error\BaseErrorHandler.php, line 158
deprecationWarning - CORE\src\Core\functions.php, line 311
Cake\Core\Plugin::routes() - CORE\src\Core\Plugin.php, line 319
Cake\Http\BaseApplication::{closure}() - ROOT\config\routes.php, line 78
Cake\Routing\RouteBuilder::scope() - CORE\src\Routing\RouteBuilder.php, line 1008
Cake\Routing\Router::scope() - CORE\src\Routing\Router.php, line 1099
require - ROOT\config\routes.php, line 121
Cake\Http\BaseApplication::routes() - CORE\src\Http\BaseApplication.php, line 178
Cake\Routing\Middleware\RoutingMiddleware::prepareRouteCollection() - CORE\src\Routing\Middleware\RoutingMiddleware.php, line 115
Cake\Routing\Middleware\RoutingMiddleware::buildRouteCollection() - CORE\src\Routing\Middleware\RoutingMiddleware.php, line 104
Cake\Routing\Middleware\RoutingMiddleware::loadRoutes() - CORE\src\Routing\Middleware\RoutingMiddleware.php, line 87
Cake\Routing\Middleware\RoutingMiddleware::__invoke() - CORE\src\Routing\Middleware\RoutingMiddleware.php, line 136
Cake\Http\Runner::__invoke() - CORE\src\Http\Runner.php, line 65
Cake\Routing\Middleware\AssetMiddleware::__invoke() - CORE\src\Routing\Middleware\AssetMiddleware.php, line 88
Cake\Http\Runner::__invoke() - CORE\src\Http\Runner.php, line 65
Cake\Error\Middleware\ErrorHandlerMiddleware::__invoke() - CORE\src\Error\Middleware\ErrorHandlerMiddleware.php, line 96
Cake\Http\Runner::__invoke() - CORE\src\Http\Runner.php, line 65
Cake\Http\Runner::run() - CORE\src\Http\Runner.php, line 51
Cake\Http\Server::run() - CORE\src\Http\Server.php, line 97
[main] - ROOT\webroot\index.php, line 40



